<?xml version="1.0" encoding="UTF-8"?>
<!-- Generated by org.testng.reporters.JUnitReportReporter -->
<testsuite hostname="stacyde-MacBook-Pro.local" failures="0" tests="3" name="ScenarioTest" time="191.917" errors="0" timestamp="2020-04-07T11:52:06 TST" skipped="0">
  <testcase classname="ScenarioTest" name="addFavorite" time="49.941"/>
  <system-out/>
  <testcase classname="ScenarioTest" name="createPlan" time="109.752"/>
  <system-out/>
  <testcase classname="ScenarioTest" name="searchCourse" time="32.224"/>
  <system-out/>
</testsuite> <!-- ScenarioTest -->
